2020-09-16 05:34:08 Error: [Cake\Database\Exception] SQLSTATE[42S02]: Base table or view not found: 1146 Table 'pluu0001.agreement,' doesn't exist in C:\Users\cklsd\FIT3047\vendor\cakephp\cakephp\src\Database\Schema\Collection.php on line 132
Stack Trace:
#0 C:\Users\cklsd\FIT3047\vendor\cakephp\cakephp\src\Database\Schema\Collection.php(98): Cake\Database\Schema\Collection->_reflect('Column', 'agreement,', Array, Object(Cake\Database\Schema\TableSchema))
#1 C:\Users\cklsd\FIT3047\vendor\cakephp\cakephp\src\Database\Schema\CachedCollection.php(61): Cake\Database\Schema\Collection->describe('agreement,', Array)
#2 C:\Users\cklsd\FIT3047\vendor\cakephp\cakephp\src\ORM\Table.php(566): Cake\Database\Schema\CachedCollection->describe('agreement,')
#3 C:\Users\cklsd\FIT3047\vendor\cakephp\cakephp\src\ORM\Table.php(691): Cake\ORM\Table->getSchema()
#4 C:\Users\cklsd\FIT3047\vendor\cakephp\bake\src\Shell\Task\ModelTask.php(221): Cake\ORM\Table->getPrimaryKey()
#5 C:\Users\cklsd\FIT3047\vendor\cakephp\bake\src\Shell\Task\ModelTask.php(131): Bake\Shell\Task\ModelTask->getAssociations(Object(Cake\ORM\Table))
#6 C:\Users\cklsd\FIT3047\vendor\cakephp\bake\src\Shell\Task\ModelTask.php(114): Bake\Shell\Task\ModelTask->getTableContext(Object(Cake\ORM\Table), 'agreement,', 'Agreement,')
#7 C:\Users\cklsd\FIT3047\vendor\cakephp\bake\src\Shell\Task\ModelTask.php(101): Bake\Shell\Task\ModelTask->bake('Agreement,')
#8 C:\Users\cklsd\FIT3047\vendor\cakephp\bake\src\Shell\BakeShell.php(282): Bake\Shell\Task\ModelTask->main('Agreement,')
#9 C:\Users\cklsd\FIT3047\vendor\cakephp\cakephp\src\Collection\CollectionTrait.php(64): Bake\Shell\BakeShell->Bake\Shell\{closure}('Agreement,', 0)
#10 C:\Users\cklsd\FIT3047\vendor\cakephp\bake\src\Shell\BakeShell.php(283): Cake\Collection\Collection->each(Object(Closure))
#11 C:\Users\cklsd\FIT3047\vendor\cakephp\cakephp\src\Console\Shell.php(517): Bake\Shell\BakeShell->all('agreement,', 'department,facu...')
#12 C:\Users\cklsd\FIT3047\vendor\cakephp\cakephp\src\Console\CommandRunner.php(384): Cake\Console\Shell->runCommand(Array, true)
#13 C:\Users\cklsd\FIT3047\vendor\cakephp\cakephp\src\Console\CommandRunner.php(162): Cake\Console\CommandRunner->runShell(Object(Bake\Shell\BakeShell), Array)
#14 C:\Users\cklsd\FIT3047\bin\cake.php(12): Cake\Console\CommandRunner->run(Array)
#15 {main}


Caused by: [PDOException] SQLSTATE[42S02]: Base table or view not found: 1146 Table 'pluu0001.agreement,' doesn't exist in C:\Users\cklsd\FIT3047\vendor\cakephp\cakephp\src\Database\Statement\MysqlStatement.php on line 37
Stack Trace:
#0 C:\Users\cklsd\FIT3047\vendor\cakephp\cakephp\src\Database\Statement\MysqlStatement.php(37): PDOStatement->execute(NULL)
#1 C:\Users\cklsd\FIT3047\vendor\cakephp\cakephp\src\Database\Statement\StatementDecorator.php(173): Cake\Database\Statement\MysqlStatement->execute(NULL)
#2 C:\Users\cklsd\FIT3047\vendor\cakephp\cakephp\src\Database\Log\LoggingStatement.php(55): Cake\Database\Statement\StatementDecorator->execute(NULL)
#3 C:\Users\cklsd\FIT3047\vendor\cakephp\cakephp\src\Database\Connection.php(358): Cake\Database\Log\LoggingStatement->execute()
#4 C:\Users\cklsd\FIT3047\vendor\cakephp\cakephp\src\Core\Retry\CommandRetry.php(67): Cake\Database\Connection->Cake\Database\{closure}()
#5 C:\Users\cklsd\FIT3047\vendor\cakephp\cakephp\src\Database\Connection.php(361): Cake\Core\Retry\CommandRetry->run(Object(Closure))
#6 C:\Users\cklsd\FIT3047\vendor\cakephp\cakephp\src\Database\Connection.php(310): Cake\Database\Connection->query('SHOW FULL COLUM...')
#7 C:\Users\cklsd\FIT3047\vendor\cakephp\cakephp\src\Core\Retry\CommandRetry.php(67): Cake\Database\Connection->Cake\Database\{closure}()
#8 C:\Users\cklsd\FIT3047\vendor\cakephp\cakephp\src\Database\Connection.php(314): Cake\Core\Retry\CommandRetry->run(Object(Closure))
#9 C:\Users\cklsd\FIT3047\vendor\cakephp\cakephp\src\Database\Schema\Collection.php(130): Cake\Database\Connection->execute('SHOW FULL COLUM...', Array)
#10 C:\Users\cklsd\FIT3047\vendor\cakephp\cakephp\src\Database\Schema\Collection.php(98): Cake\Database\Schema\Collection->_reflect('Column', 'agreement,', Array, Object(Cake\Database\Schema\TableSchema))
#11 C:\Users\cklsd\FIT3047\vendor\cakephp\cakephp\src\Database\Schema\CachedCollection.php(61): Cake\Database\Schema\Collection->describe('agreement,', Array)
#12 C:\Users\cklsd\FIT3047\vendor\cakephp\cakephp\src\ORM\Table.php(566): Cake\Database\Schema\CachedCollection->describe('agreement,')
#13 C:\Users\cklsd\FIT3047\vendor\cakephp\cakephp\src\ORM\Table.php(691): Cake\ORM\Table->getSchema()
#14 C:\Users\cklsd\FIT3047\vendor\cakephp\bake\src\Shell\Task\ModelTask.php(221): Cake\ORM\Table->getPrimaryKey()
#15 C:\Users\cklsd\FIT3047\vendor\cakephp\bake\src\Shell\Task\ModelTask.php(131): Bake\Shell\Task\ModelTask->getAssociations(Object(Cake\ORM\Table))
#16 C:\Users\cklsd\FIT3047\vendor\cakephp\bake\src\Shell\Task\ModelTask.php(114): Bake\Shell\Task\ModelTask->getTableContext(Object(Cake\ORM\Table), 'agreement,', 'Agreement,')
#17 C:\Users\cklsd\FIT3047\vendor\cakephp\bake\src\Shell\Task\ModelTask.php(101): Bake\Shell\Task\ModelTask->bake('Agreement,')
#18 C:\Users\cklsd\FIT3047\vendor\cakephp\bake\src\Shell\BakeShell.php(282): Bake\Shell\Task\ModelTask->main('Agreement,')
#19 C:\Users\cklsd\FIT3047\vendor\cakephp\cakephp\src\Collection\CollectionTrait.php(64): Bake\Shell\BakeShell->Bake\Shell\{closure}('Agreement,', 0)
#20 C:\Users\cklsd\FIT3047\vendor\cakephp\bake\src\Shell\BakeShell.php(283): Cake\Collection\Collection->each(Object(Closure))
#21 C:\Users\cklsd\FIT3047\vendor\cakephp\cakephp\src\Console\Shell.php(517): Bake\Shell\BakeShell->all('agreement,', 'department,facu...')
#22 C:\Users\cklsd\FIT3047\vendor\cakephp\cakephp\src\Console\CommandRunner.php(384): Cake\Console\Shell->runCommand(Array, true)
#23 C:\Users\cklsd\FIT3047\vendor\cakephp\cakephp\src\Console\CommandRunner.php(162): Cake\Console\CommandRunner->runShell(Object(Bake\Shell\BakeShell), Array)
#24 C:\Users\cklsd\FIT3047\bin\cake.php(12): Cake\Console\CommandRunner->run(Array)
#25 {main}


